<?xml version="1.0" encoding="UTF-8"?>
<!-- Generated by org.testng.reporters.JUnitXMLReporter -->
<testsuite ignored="0" hostname="Ammula" failures="0" tests="3" name="Test" time="5.182" errors="0" timestamp="2023-06-25T23:13:47 IST">
  <testcase classname="Testng.testcases.Testcase01" name="Actualtitle" time="1.024"/>
  <testcase classname="Testng.testcases.Testcase01" name="location" time="2.072"/>
  <testcase classname="Testng.testcases.Testcase01" name="selectfirstoption" time="2.067"/>
</testsuite> <!-- Test -->
